16-Oct-2022 14:31:09.439 INFO [main] org.apache.catalina.startup.VersionLoggerListener.log 서버 버전 이름:    Apache Tomcat/9.0.68
16-Oct-2022 14:31:09.442 INFO [main] org.apache.catalina.startup.VersionLoggerListener.log Server 빌드 시각:  Oct 3 2022 19:06:10 UTC
16-Oct-2022 14:31:09.443 INFO [main] org.apache.catalina.startup.VersionLoggerListener.log Server 버전 번호:  9.0.68.0
16-Oct-2022 14:31:09.443 INFO [main] org.apache.catalina.startup.VersionLoggerListener.log 운영체제 이름:     Windows 10
16-Oct-2022 14:31:09.444 INFO [main] org.apache.catalina.startup.VersionLoggerListener.log 운영체제 버전:     10.0
16-Oct-2022 14:31:09.444 INFO [main] org.apache.catalina.startup.VersionLoggerListener.log 아키텍처:          amd64
16-Oct-2022 14:31:09.444 INFO [main] org.apache.catalina.startup.VersionLoggerListener.log 자바 홈:           C:\Program Files\Java\jdk-18.0.1.1
16-Oct-2022 14:31:09.444 INFO [main] org.apache.catalina.startup.VersionLoggerListener.log JVM 버전:          18.0.1.1+2-6
16-Oct-2022 14:31:09.445 INFO [main] org.apache.catalina.startup.VersionLoggerListener.log JVM 벤더:          Oracle Corporation
16-Oct-2022 14:31:09.445 INFO [main] org.apache.catalina.startup.VersionLoggerListener.log CATALINA_BASE:     C:\desktop\apache-tomcat-9.0.68
16-Oct-2022 14:31:09.445 INFO [main] org.apache.catalina.startup.VersionLoggerListener.log CATALINA_HOME:     C:\desktop\apache-tomcat-9.0.68
16-Oct-2022 14:31:09.453 INFO [main] org.apache.catalina.startup.VersionLoggerListener.log 명령 행 아규먼트:  --add-opens=java.base/java.lang=ALL-UNNAMED
16-Oct-2022 14:31:09.455 INFO [main] org.apache.catalina.startup.VersionLoggerListener.log 명령 행 아규먼트:  --add-opens=java.base/java.io=ALL-UNNAMED
16-Oct-2022 14:31:09.458 INFO [main] org.apache.catalina.startup.VersionLoggerListener.log 명령 행 아규먼트:  --add-opens=java.base/java.util=ALL-UNNAMED
16-Oct-2022 14:31:09.459 INFO [main] org.apache.catalina.startup.VersionLoggerListener.log 명령 행 아규먼트:  --add-opens=java.base/java.util.concurrent=ALL-UNNAMED
16-Oct-2022 14:31:09.460 INFO [main] org.apache.catalina.startup.VersionLoggerListener.log 명령 행 아규먼트:  --add-opens=java.rmi/sun.rmi.transport=ALL-UNNAMED
16-Oct-2022 14:31:09.461 INFO [main] org.apache.catalina.startup.VersionLoggerListener.log 명령 행 아규먼트:  -Djava.util.logging.config.file=C:\desktop\apache-tomcat-9.0.68\conf\logging.properties
16-Oct-2022 14:31:09.462 INFO [main] org.apache.catalina.startup.VersionLoggerListener.log 명령 행 아규먼트:  -Djava.util.logging.manager=org.apache.juli.ClassLoaderLogManager
16-Oct-2022 14:31:09.463 INFO [main] org.apache.catalina.startup.VersionLoggerListener.log 명령 행 아규먼트:  -Djdk.tls.ephemeralDHKeySize=2048
16-Oct-2022 14:31:09.467 INFO [main] org.apache.catalina.startup.VersionLoggerListener.log 명령 행 아규먼트:  -Djava.protocol.handler.pkgs=org.apache.catalina.webresources
16-Oct-2022 14:31:09.469 INFO [main] org.apache.catalina.startup.VersionLoggerListener.log 명령 행 아규먼트:  -Dignore.endorsed.dirs=
16-Oct-2022 14:31:09.470 INFO [main] org.apache.catalina.startup.VersionLoggerListener.log 명령 행 아규먼트:  -Dcatalina.base=C:\desktop\apache-tomcat-9.0.68
16-Oct-2022 14:31:09.471 INFO [main] org.apache.catalina.startup.VersionLoggerListener.log 명령 행 아규먼트:  -Dcatalina.home=C:\desktop\apache-tomcat-9.0.68
16-Oct-2022 14:31:09.472 INFO [main] org.apache.catalina.startup.VersionLoggerListener.log 명령 행 아규먼트:  -Djava.io.tmpdir=C:\desktop\apache-tomcat-9.0.68\temp
16-Oct-2022 14:31:09.483 INFO [main] org.apache.catalina.core.AprLifecycleListener.lifecycleEvent APR 버전 [1.7.0]을(를) 사용한, APR 기반 Apache Tomcat Native 라이브러리 [1.2.35]을(를) 로드했습니다.
16-Oct-2022 14:31:09.484 INFO [main] org.apache.catalina.core.AprLifecycleListener.lifecycleEvent APR 용량정보들: IPv6 [true], sendfile [true], accept filters [false], random [true], UDS [true].
16-Oct-2022 14:31:09.486 INFO [main] org.apache.catalina.core.AprLifecycleListener.lifecycleEvent APR/OpenSSL 설정: useAprConnector [false], useOpenSSL [true]
16-Oct-2022 14:31:09.500 INFO [main] org.apache.catalina.core.AprLifecycleListener.initializeSSL OpenSSL이 성공적으로 초기화되었습니다: [OpenSSL 1.1.1q  5 Jul 2022]
16-Oct-2022 14:31:09.751 INFO [main] org.apache.coyote.AbstractProtocol.init 프로토콜 핸들러 ["http-nio-8080"]을(를) 초기화합니다.
16-Oct-2022 14:31:09.789 INFO [main] org.apache.catalina.startup.Catalina.load [632] 밀리초 내에 서버가 초기화되었습니다.
16-Oct-2022 14:31:09.847 INFO [main] org.apache.catalina.core.StandardService.startInternal 서비스 [Catalina]을(를) 시작합니다.
16-Oct-2022 14:31:09.851 INFO [main] org.apache.catalina.core.StandardEngine.startInternal 서버 엔진을 시작합니다: [Apache Tomcat/9.0.68]
16-Oct-2022 14:31:10.177 INFO [main] org.apache.catalina.startup.HostConfig.deployWAR 웹 애플리케이션 아카이브 [C:\desktop\apache-tomcat-9.0.68\webapps\draw_and_guess.war]을(를) 배치합니다.
16-Oct-2022 14:31:11.024 INFO [main] org.apache.jasper.servlet.TldScanner.scanJars 적어도 하나의 JAR가 TLD들을 찾기 위해 스캔되었으나 아무 것도 찾지 못했습니다. 스캔했으나 TLD가 없는 JAR들의 전체 목록을 보시려면, 로그 레벨을 디버그 레벨로 설정하십시오. 스캔 과정에서 불필요한 JAR들을 건너뛰면, 시스템 시작 시간과 JSP 컴파일 시간을 단축시킬 수 있습니다.
16-Oct-2022 14:31:11.064 INFO [main] org.apache.catalina.startup.HostConfig.deployWAR 웹 애플리케이션 아카이브 [C:\desktop\apache-tomcat-9.0.68\webapps\draw_and_guess.war]의 배치가 [885] 밀리초에 완료되었습니다.
16-Oct-2022 14:31:11.069 INFO [main] org.apache.catalina.startup.HostConfig.deployDirectory 웹 애플리케이션 디렉토리 [C:\desktop\apache-tomcat-9.0.68\webapps\docs]을(를) 배치합니다.
16-Oct-2022 14:31:11.109 INFO [main] org.apache.catalina.startup.HostConfig.deployDirectory 웹 애플리케이션 디렉토리 [C:\desktop\apache-tomcat-9.0.68\webapps\docs]에 대한 배치가 [39] 밀리초에 완료되었습니다.
16-Oct-2022 14:31:11.113 INFO [main] org.apache.catalina.startup.HostConfig.deployDirectory 웹 애플리케이션 디렉토리 [C:\desktop\apache-tomcat-9.0.68\webapps\examples]을(를) 배치합니다.
16-Oct-2022 14:31:11.587 INFO [main] org.apache.catalina.startup.HostConfig.deployDirectory 웹 애플리케이션 디렉토리 [C:\desktop\apache-tomcat-9.0.68\webapps\examples]에 대한 배치가 [474] 밀리초에 완료되었습니다.
16-Oct-2022 14:31:11.593 INFO [main] org.apache.catalina.startup.HostConfig.deployDirectory 웹 애플리케이션 디렉토리 [C:\desktop\apache-tomcat-9.0.68\webapps\host-manager]을(를) 배치합니다.
16-Oct-2022 14:31:11.657 INFO [main] org.apache.catalina.startup.HostConfig.deployDirectory 웹 애플리케이션 디렉토리 [C:\desktop\apache-tomcat-9.0.68\webapps\host-manager]에 대한 배치가 [64] 밀리초에 완료되었습니다.
16-Oct-2022 14:31:11.663 INFO [main] org.apache.catalina.startup.HostConfig.deployDirectory 웹 애플리케이션 디렉토리 [C:\desktop\apache-tomcat-9.0.68\webapps\manager]을(를) 배치합니다.
16-Oct-2022 14:31:11.725 INFO [main] org.apache.catalina.startup.HostConfig.deployDirectory 웹 애플리케이션 디렉토리 [C:\desktop\apache-tomcat-9.0.68\webapps\manager]에 대한 배치가 [61] 밀리초에 완료되었습니다.
16-Oct-2022 14:31:11.734 INFO [main] org.apache.coyote.AbstractProtocol.start 프로토콜 핸들러 ["http-nio-8080"]을(를) 시작합니다.
16-Oct-2022 14:31:11.784 INFO [main] org.apache.catalina.startup.Catalina.start 서버가 [1990] 밀리초 내에 시작되었습니다.
16-Oct-2022 14:33:51.170 INFO [main] org.apache.catalina.startup.VersionLoggerListener.log 서버 버전 이름:    Apache Tomcat/9.0.68
16-Oct-2022 14:33:51.174 INFO [main] org.apache.catalina.startup.VersionLoggerListener.log Server 빌드 시각:  Oct 3 2022 19:06:10 UTC
16-Oct-2022 14:33:51.174 INFO [main] org.apache.catalina.startup.VersionLoggerListener.log Server 버전 번호:  9.0.68.0
16-Oct-2022 14:33:51.175 INFO [main] org.apache.catalina.startup.VersionLoggerListener.log 운영체제 이름:     Windows 10
16-Oct-2022 14:33:51.175 INFO [main] org.apache.catalina.startup.VersionLoggerListener.log 운영체제 버전:     10.0
16-Oct-2022 14:33:51.175 INFO [main] org.apache.catalina.startup.VersionLoggerListener.log 아키텍처:          amd64
16-Oct-2022 14:33:51.176 INFO [main] org.apache.catalina.startup.VersionLoggerListener.log 자바 홈:           C:\Program Files\Java\jdk-18.0.1.1
16-Oct-2022 14:33:51.176 INFO [main] org.apache.catalina.startup.VersionLoggerListener.log JVM 버전:          18.0.1.1+2-6
16-Oct-2022 14:33:51.176 INFO [main] org.apache.catalina.startup.VersionLoggerListener.log JVM 벤더:          Oracle Corporation
16-Oct-2022 14:33:51.177 INFO [main] org.apache.catalina.startup.VersionLoggerListener.log CATALINA_BASE:     C:\desktop\apache-tomcat-9.0.68
16-Oct-2022 14:33:51.177 INFO [main] org.apache.catalina.startup.VersionLoggerListener.log CATALINA_HOME:     C:\desktop\apache-tomcat-9.0.68
16-Oct-2022 14:33:51.185 INFO [main] org.apache.catalina.startup.VersionLoggerListener.log 명령 행 아규먼트:  --add-opens=java.base/java.lang=ALL-UNNAMED
16-Oct-2022 14:33:51.186 INFO [main] org.apache.catalina.startup.VersionLoggerListener.log 명령 행 아규먼트:  --add-opens=java.base/java.io=ALL-UNNAMED
16-Oct-2022 14:33:51.189 INFO [main] org.apache.catalina.startup.VersionLoggerListener.log 명령 행 아규먼트:  --add-opens=java.base/java.util=ALL-UNNAMED
16-Oct-2022 14:33:51.191 INFO [main] org.apache.catalina.startup.VersionLoggerListener.log 명령 행 아규먼트:  --add-opens=java.base/java.util.concurrent=ALL-UNNAMED
16-Oct-2022 14:33:51.192 INFO [main] org.apache.catalina.startup.VersionLoggerListener.log 명령 행 아규먼트:  --add-opens=java.rmi/sun.rmi.transport=ALL-UNNAMED
16-Oct-2022 14:33:51.194 INFO [main] org.apache.catalina.startup.VersionLoggerListener.log 명령 행 아규먼트:  -Djava.util.logging.config.file=C:\desktop\apache-tomcat-9.0.68\conf\logging.properties
16-Oct-2022 14:33:51.195 INFO [main] org.apache.catalina.startup.VersionLoggerListener.log 명령 행 아규먼트:  -Djava.util.logging.manager=org.apache.juli.ClassLoaderLogManager
16-Oct-2022 14:33:51.196 INFO [main] org.apache.catalina.startup.VersionLoggerListener.log 명령 행 아규먼트:  -Djdk.tls.ephemeralDHKeySize=2048
16-Oct-2022 14:33:51.197 INFO [main] org.apache.catalina.startup.VersionLoggerListener.log 명령 행 아규먼트:  -Djava.protocol.handler.pkgs=org.apache.catalina.webresources
16-Oct-2022 14:33:51.199 INFO [main] org.apache.catalina.startup.VersionLoggerListener.log 명령 행 아규먼트:  -Dignore.endorsed.dirs=
16-Oct-2022 14:33:51.202 INFO [main] org.apache.catalina.startup.VersionLoggerListener.log 명령 행 아규먼트:  -Dcatalina.base=C:\desktop\apache-tomcat-9.0.68
16-Oct-2022 14:33:51.204 INFO [main] org.apache.catalina.startup.VersionLoggerListener.log 명령 행 아규먼트:  -Dcatalina.home=C:\desktop\apache-tomcat-9.0.68
16-Oct-2022 14:33:51.205 INFO [main] org.apache.catalina.startup.VersionLoggerListener.log 명령 행 아규먼트:  -Djava.io.tmpdir=C:\desktop\apache-tomcat-9.0.68\temp
16-Oct-2022 14:33:51.210 INFO [main] org.apache.catalina.core.AprLifecycleListener.lifecycleEvent APR 버전 [1.7.0]을(를) 사용한, APR 기반 Apache Tomcat Native 라이브러리 [1.2.35]을(를) 로드했습니다.
16-Oct-2022 14:33:51.212 INFO [main] org.apache.catalina.core.AprLifecycleListener.lifecycleEvent APR 용량정보들: IPv6 [true], sendfile [true], accept filters [false], random [true], UDS [true].
16-Oct-2022 14:33:51.213 INFO [main] org.apache.catalina.core.AprLifecycleListener.lifecycleEvent APR/OpenSSL 설정: useAprConnector [false], useOpenSSL [true]
16-Oct-2022 14:33:51.218 INFO [main] org.apache.catalina.core.AprLifecycleListener.initializeSSL OpenSSL이 성공적으로 초기화되었습니다: [OpenSSL 1.1.1q  5 Jul 2022]
16-Oct-2022 14:33:51.468 INFO [main] org.apache.coyote.AbstractProtocol.init 프로토콜 핸들러 ["http-nio-8080"]을(를) 초기화합니다.
16-Oct-2022 14:33:51.500 INFO [main] org.apache.catalina.startup.Catalina.load [589] 밀리초 내에 서버가 초기화되었습니다.
16-Oct-2022 14:33:51.558 INFO [main] org.apache.catalina.core.StandardService.startInternal 서비스 [Catalina]을(를) 시작합니다.
16-Oct-2022 14:33:51.562 INFO [main] org.apache.catalina.core.StandardEngine.startInternal 서버 엔진을 시작합니다: [Apache Tomcat/9.0.68]
16-Oct-2022 14:33:52.668 INFO [main] org.apache.jasper.servlet.TldScanner.scanJars 적어도 하나의 JAR가 TLD들을 찾기 위해 스캔되었으나 아무 것도 찾지 못했습니다. 스캔했으나 TLD가 없는 JAR들의 전체 목록을 보시려면, 로그 레벨을 디버그 레벨로 설정하십시오. 스캔 과정에서 불필요한 JAR들을 건너뛰면, 시스템 시작 시간과 JSP 컴파일 시간을 단축시킬 수 있습니다.
16-Oct-2022 14:33:52.779 INFO [main] org.apache.catalina.startup.HostConfig.deployWAR 웹 애플리케이션 아카이브 [C:\desktop\apache-tomcat-9.0.68\webapps\draw_and_guess.war]을(를) 배치합니다.
16-Oct-2022 14:33:53.349 INFO [main] org.apache.jasper.servlet.TldScanner.scanJars 적어도 하나의 JAR가 TLD들을 찾기 위해 스캔되었으나 아무 것도 찾지 못했습니다. 스캔했으나 TLD가 없는 JAR들의 전체 목록을 보시려면, 로그 레벨을 디버그 레벨로 설정하십시오. 스캔 과정에서 불필요한 JAR들을 건너뛰면, 시스템 시작 시간과 JSP 컴파일 시간을 단축시킬 수 있습니다.
16-Oct-2022 14:33:53.363 INFO [main] org.apache.catalina.startup.HostConfig.deployWAR 웹 애플리케이션 아카이브 [C:\desktop\apache-tomcat-9.0.68\webapps\draw_and_guess.war]의 배치가 [583] 밀리초에 완료되었습니다.
16-Oct-2022 14:33:53.366 INFO [main] org.apache.catalina.startup.HostConfig.deployDirectory 웹 애플리케이션 디렉토리 [C:\desktop\apache-tomcat-9.0.68\webapps\docs]을(를) 배치합니다.
16-Oct-2022 14:33:53.398 INFO [main] org.apache.catalina.startup.HostConfig.deployDirectory 웹 애플리케이션 디렉토리 [C:\desktop\apache-tomcat-9.0.68\webapps\docs]에 대한 배치가 [33] 밀리초에 완료되었습니다.
16-Oct-2022 14:33:53.403 INFO [main] org.apache.catalina.startup.HostConfig.deployDirectory 웹 애플리케이션 디렉토리 [C:\desktop\apache-tomcat-9.0.68\webapps\examples]을(를) 배치합니다.
16-Oct-2022 14:33:53.806 INFO [main] org.apache.catalina.startup.HostConfig.deployDirectory 웹 애플리케이션 디렉토리 [C:\desktop\apache-tomcat-9.0.68\webapps\examples]에 대한 배치가 [403] 밀리초에 완료되었습니다.
16-Oct-2022 14:33:53.811 INFO [main] org.apache.catalina.startup.HostConfig.deployDirectory 웹 애플리케이션 디렉토리 [C:\desktop\apache-tomcat-9.0.68\webapps\host-manager]을(를) 배치합니다.
16-Oct-2022 14:33:53.863 INFO [main] org.apache.catalina.startup.HostConfig.deployDirectory 웹 애플리케이션 디렉토리 [C:\desktop\apache-tomcat-9.0.68\webapps\host-manager]에 대한 배치가 [52] 밀리초에 완료되었습니다.
16-Oct-2022 14:33:53.867 INFO [main] org.apache.catalina.startup.HostConfig.deployDirectory 웹 애플리케이션 디렉토리 [C:\desktop\apache-tomcat-9.0.68\webapps\manager]을(를) 배치합니다.
16-Oct-2022 14:33:53.914 INFO [main] org.apache.catalina.startup.HostConfig.deployDirectory 웹 애플리케이션 디렉토리 [C:\desktop\apache-tomcat-9.0.68\webapps\manager]에 대한 배치가 [48] 밀리초에 완료되었습니다.
16-Oct-2022 14:33:53.923 INFO [main] org.apache.coyote.AbstractProtocol.start 프로토콜 핸들러 ["http-nio-8080"]을(를) 시작합니다.
16-Oct-2022 14:33:53.965 INFO [main] org.apache.catalina.startup.Catalina.start 서버가 [2459] 밀리초 내에 시작되었습니다.
16-Oct-2022 14:38:00.359 INFO [main] org.apache.catalina.startup.VersionLoggerListener.log 서버 버전 이름:    Apache Tomcat/9.0.68
16-Oct-2022 14:38:00.364 INFO [main] org.apache.catalina.startup.VersionLoggerListener.log Server 빌드 시각:  Oct 3 2022 19:06:10 UTC
16-Oct-2022 14:38:00.365 INFO [main] org.apache.catalina.startup.VersionLoggerListener.log Server 버전 번호:  9.0.68.0
16-Oct-2022 14:38:00.365 INFO [main] org.apache.catalina.startup.VersionLoggerListener.log 운영체제 이름:     Windows 10
16-Oct-2022 14:38:00.366 INFO [main] org.apache.catalina.startup.VersionLoggerListener.log 운영체제 버전:     10.0
16-Oct-2022 14:38:00.366 INFO [main] org.apache.catalina.startup.VersionLoggerListener.log 아키텍처:          amd64
16-Oct-2022 14:38:00.366 INFO [main] org.apache.catalina.startup.VersionLoggerListener.log 자바 홈:           C:\Program Files\Java\jdk-18.0.1.1
16-Oct-2022 14:38:00.367 INFO [main] org.apache.catalina.startup.VersionLoggerListener.log JVM 버전:          18.0.1.1+2-6
16-Oct-2022 14:38:00.367 INFO [main] org.apache.catalina.startup.VersionLoggerListener.log JVM 벤더:          Oracle Corporation
16-Oct-2022 14:38:00.367 INFO [main] org.apache.catalina.startup.VersionLoggerListener.log CATALINA_BASE:     C:\desktop\apache-tomcat-9.0.68
16-Oct-2022 14:38:00.368 INFO [main] org.apache.catalina.startup.VersionLoggerListener.log CATALINA_HOME:     C:\desktop\apache-tomcat-9.0.68
16-Oct-2022 14:38:00.376 INFO [main] org.apache.catalina.startup.VersionLoggerListener.log 명령 행 아규먼트:  --add-opens=java.base/java.lang=ALL-UNNAMED
16-Oct-2022 14:38:00.380 INFO [main] org.apache.catalina.startup.VersionLoggerListener.log 명령 행 아규먼트:  --add-opens=java.base/java.io=ALL-UNNAMED
16-Oct-2022 14:38:00.382 INFO [main] org.apache.catalina.startup.VersionLoggerListener.log 명령 행 아규먼트:  --add-opens=java.base/java.util=ALL-UNNAMED
16-Oct-2022 14:38:00.383 INFO [main] org.apache.catalina.startup.VersionLoggerListener.log 명령 행 아규먼트:  --add-opens=java.base/java.util.concurrent=ALL-UNNAMED
16-Oct-2022 14:38:00.384 INFO [main] org.apache.catalina.startup.VersionLoggerListener.log 명령 행 아규먼트:  --add-opens=java.rmi/sun.rmi.transport=ALL-UNNAMED
16-Oct-2022 14:38:00.386 INFO [main] org.apache.catalina.startup.VersionLoggerListener.log 명령 행 아규먼트:  -Djava.util.logging.config.file=C:\desktop\apache-tomcat-9.0.68\conf\logging.properties
16-Oct-2022 14:38:00.387 INFO [main] org.apache.catalina.startup.VersionLoggerListener.log 명령 행 아규먼트:  -Djava.util.logging.manager=org.apache.juli.ClassLoaderLogManager
16-Oct-2022 14:38:00.388 INFO [main] org.apache.catalina.startup.VersionLoggerListener.log 명령 행 아규먼트:  -Djdk.tls.ephemeralDHKeySize=2048
16-Oct-2022 14:38:00.390 INFO [main] org.apache.catalina.startup.VersionLoggerListener.log 명령 행 아규먼트:  -Djava.protocol.handler.pkgs=org.apache.catalina.webresources
16-Oct-2022 14:38:00.392 INFO [main] org.apache.catalina.startup.VersionLoggerListener.log 명령 행 아규먼트:  -Dignore.endorsed.dirs=
16-Oct-2022 14:38:00.397 INFO [main] org.apache.catalina.startup.VersionLoggerListener.log 명령 행 아규먼트:  -Dcatalina.base=C:\desktop\apache-tomcat-9.0.68
16-Oct-2022 14:38:00.398 INFO [main] org.apache.catalina.startup.VersionLoggerListener.log 명령 행 아규먼트:  -Dcatalina.home=C:\desktop\apache-tomcat-9.0.68
16-Oct-2022 14:38:00.400 INFO [main] org.apache.catalina.startup.VersionLoggerListener.log 명령 행 아규먼트:  -Djava.io.tmpdir=C:\desktop\apache-tomcat-9.0.68\temp
16-Oct-2022 14:38:00.405 INFO [main] org.apache.catalina.core.AprLifecycleListener.lifecycleEvent APR 버전 [1.7.0]을(를) 사용한, APR 기반 Apache Tomcat Native 라이브러리 [1.2.35]을(를) 로드했습니다.
16-Oct-2022 14:38:00.409 INFO [main] org.apache.catalina.core.AprLifecycleListener.lifecycleEvent APR 용량정보들: IPv6 [true], sendfile [true], accept filters [false], random [true], UDS [true].
16-Oct-2022 14:38:00.413 INFO [main] org.apache.catalina.core.AprLifecycleListener.lifecycleEvent APR/OpenSSL 설정: useAprConnector [false], useOpenSSL [true]
16-Oct-2022 14:38:00.419 INFO [main] org.apache.catalina.core.AprLifecycleListener.initializeSSL OpenSSL이 성공적으로 초기화되었습니다: [OpenSSL 1.1.1q  5 Jul 2022]
16-Oct-2022 14:38:00.667 INFO [main] org.apache.coyote.AbstractProtocol.init 프로토콜 핸들러 ["http-nio-8080"]을(를) 초기화합니다.
16-Oct-2022 14:38:00.705 INFO [main] org.apache.catalina.startup.Catalina.load [642] 밀리초 내에 서버가 초기화되었습니다.
16-Oct-2022 14:38:00.766 INFO [main] org.apache.catalina.core.StandardService.startInternal 서비스 [Catalina]을(를) 시작합니다.
16-Oct-2022 14:38:00.768 INFO [main] org.apache.catalina.core.StandardEngine.startInternal 서버 엔진을 시작합니다: [Apache Tomcat/9.0.68]
16-Oct-2022 14:38:01.665 INFO [main] org.apache.jasper.servlet.TldScanner.scanJars 적어도 하나의 JAR가 TLD들을 찾기 위해 스캔되었으나 아무 것도 찾지 못했습니다. 스캔했으나 TLD가 없는 JAR들의 전체 목록을 보시려면, 로그 레벨을 디버그 레벨로 설정하십시오. 스캔 과정에서 불필요한 JAR들을 건너뛰면, 시스템 시작 시간과 JSP 컴파일 시간을 단축시킬 수 있습니다.
16-Oct-2022 14:38:01.767 INFO [main] org.apache.catalina.startup.HostConfig.deployWAR 웹 애플리케이션 아카이브 [C:\desktop\apache-tomcat-9.0.68\webapps\draw_and_guess.war]을(를) 배치합니다.
16-Oct-2022 14:38:02.373 INFO [main] org.apache.jasper.servlet.TldScanner.scanJars 적어도 하나의 JAR가 TLD들을 찾기 위해 스캔되었으나 아무 것도 찾지 못했습니다. 스캔했으나 TLD가 없는 JAR들의 전체 목록을 보시려면, 로그 레벨을 디버그 레벨로 설정하십시오. 스캔 과정에서 불필요한 JAR들을 건너뛰면, 시스템 시작 시간과 JSP 컴파일 시간을 단축시킬 수 있습니다.
16-Oct-2022 14:38:02.387 INFO [main] org.apache.catalina.startup.HostConfig.deployWAR 웹 애플리케이션 아카이브 [C:\desktop\apache-tomcat-9.0.68\webapps\draw_and_guess.war]의 배치가 [618] 밀리초에 완료되었습니다.
16-Oct-2022 14:38:02.391 INFO [main] org.apache.catalina.startup.HostConfig.deployDirectory 웹 애플리케이션 디렉토리 [C:\desktop\apache-tomcat-9.0.68\webapps\docs]을(를) 배치합니다.
16-Oct-2022 14:38:02.425 INFO [main] org.apache.catalina.startup.HostConfig.deployDirectory 웹 애플리케이션 디렉토리 [C:\desktop\apache-tomcat-9.0.68\webapps\docs]에 대한 배치가 [33] 밀리초에 완료되었습니다.
16-Oct-2022 14:38:02.431 INFO [main] org.apache.catalina.startup.HostConfig.deployDirectory 웹 애플리케이션 디렉토리 [C:\desktop\apache-tomcat-9.0.68\webapps\examples]을(를) 배치합니다.
16-Oct-2022 14:38:02.844 INFO [main] org.apache.catalina.startup.HostConfig.deployDirectory 웹 애플리케이션 디렉토리 [C:\desktop\apache-tomcat-9.0.68\webapps\examples]에 대한 배치가 [413] 밀리초에 완료되었습니다.
16-Oct-2022 14:38:02.849 INFO [main] org.apache.catalina.startup.HostConfig.deployDirectory 웹 애플리케이션 디렉토리 [C:\desktop\apache-tomcat-9.0.68\webapps\host-manager]을(를) 배치합니다.
16-Oct-2022 14:38:02.905 INFO [main] org.apache.catalina.startup.HostConfig.deployDirectory 웹 애플리케이션 디렉토리 [C:\desktop\apache-tomcat-9.0.68\webapps\host-manager]에 대한 배치가 [56] 밀리초에 완료되었습니다.
16-Oct-2022 14:38:02.909 INFO [main] org.apache.catalina.startup.HostConfig.deployDirectory 웹 애플리케이션 디렉토리 [C:\desktop\apache-tomcat-9.0.68\webapps\manager]을(를) 배치합니다.
16-Oct-2022 14:38:02.967 INFO [main] org.apache.catalina.startup.HostConfig.deployDirectory 웹 애플리케이션 디렉토리 [C:\desktop\apache-tomcat-9.0.68\webapps\manager]에 대한 배치가 [58] 밀리초에 완료되었습니다.
16-Oct-2022 14:38:02.975 INFO [main] org.apache.coyote.AbstractProtocol.start 프로토콜 핸들러 ["http-nio-8080"]을(를) 시작합니다.
16-Oct-2022 14:38:03.025 INFO [main] org.apache.catalina.startup.Catalina.start 서버가 [2311] 밀리초 내에 시작되었습니다.
16-Oct-2022 14:38:31.014 INFO [main] org.apache.catalina.startup.VersionLoggerListener.log 서버 버전 이름:    Apache Tomcat/9.0.68
16-Oct-2022 14:38:31.018 INFO [main] org.apache.catalina.startup.VersionLoggerListener.log Server 빌드 시각:  Oct 3 2022 19:06:10 UTC
16-Oct-2022 14:38:31.019 INFO [main] org.apache.catalina.startup.VersionLoggerListener.log Server 버전 번호:  9.0.68.0
16-Oct-2022 14:38:31.019 INFO [main] org.apache.catalina.startup.VersionLoggerListener.log 운영체제 이름:     Windows 10
16-Oct-2022 14:38:31.019 INFO [main] org.apache.catalina.startup.VersionLoggerListener.log 운영체제 버전:     10.0
16-Oct-2022 14:38:31.019 INFO [main] org.apache.catalina.startup.VersionLoggerListener.log 아키텍처:          amd64
16-Oct-2022 14:38:31.020 INFO [main] org.apache.catalina.startup.VersionLoggerListener.log 자바 홈:           C:\Program Files\Java\jdk-18.0.1.1
16-Oct-2022 14:38:31.020 INFO [main] org.apache.catalina.startup.VersionLoggerListener.log JVM 버전:          18.0.1.1+2-6
16-Oct-2022 14:38:31.020 INFO [main] org.apache.catalina.startup.VersionLoggerListener.log JVM 벤더:          Oracle Corporation
16-Oct-2022 14:38:31.021 INFO [main] org.apache.catalina.startup.VersionLoggerListener.log CATALINA_BASE:     C:\desktop\apache-tomcat-9.0.68
16-Oct-2022 14:38:31.021 INFO [main] org.apache.catalina.startup.VersionLoggerListener.log CATALINA_HOME:     C:\desktop\apache-tomcat-9.0.68
16-Oct-2022 14:38:31.029 INFO [main] org.apache.catalina.startup.VersionLoggerListener.log 명령 행 아규먼트:  --add-opens=java.base/java.lang=ALL-UNNAMED
16-Oct-2022 14:38:31.031 INFO [main] org.apache.catalina.startup.VersionLoggerListener.log 명령 행 아규먼트:  --add-opens=java.base/java.io=ALL-UNNAMED
16-Oct-2022 14:38:31.036 INFO [main] org.apache.catalina.startup.VersionLoggerListener.log 명령 행 아규먼트:  --add-opens=java.base/java.util=ALL-UNNAMED
16-Oct-2022 14:38:31.037 INFO [main] org.apache.catalina.startup.VersionLoggerListener.log 명령 행 아규먼트:  --add-opens=java.base/java.util.concurrent=ALL-UNNAMED
16-Oct-2022 14:38:31.039 INFO [main] org.apache.catalina.startup.VersionLoggerListener.log 명령 행 아규먼트:  --add-opens=java.rmi/sun.rmi.transport=ALL-UNNAMED
16-Oct-2022 14:38:31.041 INFO [main] org.apache.catalina.startup.VersionLoggerListener.log 명령 행 아규먼트:  -Djava.util.logging.config.file=C:\desktop\apache-tomcat-9.0.68\conf\logging.properties
16-Oct-2022 14:38:31.044 INFO [main] org.apache.catalina.startup.VersionLoggerListener.log 명령 행 아규먼트:  -Djava.util.logging.manager=org.apache.juli.ClassLoaderLogManager
16-Oct-2022 14:38:31.045 INFO [main] org.apache.catalina.startup.VersionLoggerListener.log 명령 행 아규먼트:  -Djdk.tls.ephemeralDHKeySize=2048
16-Oct-2022 14:38:31.046 INFO [main] org.apache.catalina.startup.VersionLoggerListener.log 명령 행 아규먼트:  -Djava.protocol.handler.pkgs=org.apache.catalina.webresources
16-Oct-2022 14:38:31.047 INFO [main] org.apache.catalina.startup.VersionLoggerListener.log 명령 행 아규먼트:  -Dignore.endorsed.dirs=
16-Oct-2022 14:38:31.050 INFO [main] org.apache.catalina.startup.VersionLoggerListener.log 명령 행 아규먼트:  -Dcatalina.base=C:\desktop\apache-tomcat-9.0.68
16-Oct-2022 14:38:31.051 INFO [main] org.apache.catalina.startup.VersionLoggerListener.log 명령 행 아규먼트:  -Dcatalina.home=C:\desktop\apache-tomcat-9.0.68
16-Oct-2022 14:38:31.053 INFO [main] org.apache.catalina.startup.VersionLoggerListener.log 명령 행 아규먼트:  -Djava.io.tmpdir=C:\desktop\apache-tomcat-9.0.68\temp
16-Oct-2022 14:38:31.059 INFO [main] org.apache.catalina.core.AprLifecycleListener.lifecycleEvent APR 버전 [1.7.0]을(를) 사용한, APR 기반 Apache Tomcat Native 라이브러리 [1.2.35]을(를) 로드했습니다.
16-Oct-2022 14:38:31.061 INFO [main] org.apache.catalina.core.AprLifecycleListener.lifecycleEvent APR 용량정보들: IPv6 [true], sendfile [true], accept filters [false], random [true], UDS [true].
16-Oct-2022 14:38:31.064 INFO [main] org.apache.catalina.core.AprLifecycleListener.lifecycleEvent APR/OpenSSL 설정: useAprConnector [false], useOpenSSL [true]
16-Oct-2022 14:38:31.070 INFO [main] org.apache.catalina.core.AprLifecycleListener.initializeSSL OpenSSL이 성공적으로 초기화되었습니다: [OpenSSL 1.1.1q  5 Jul 2022]
16-Oct-2022 14:38:31.323 INFO [main] org.apache.coyote.AbstractProtocol.init 프로토콜 핸들러 ["http-nio-8080"]을(를) 초기화합니다.
16-Oct-2022 14:38:31.353 INFO [main] org.apache.catalina.startup.Catalina.load [607] 밀리초 내에 서버가 초기화되었습니다.
16-Oct-2022 14:38:31.406 INFO [main] org.apache.catalina.core.StandardService.startInternal 서비스 [Catalina]을(를) 시작합니다.
16-Oct-2022 14:38:31.410 INFO [main] org.apache.catalina.core.StandardEngine.startInternal 서버 엔진을 시작합니다: [Apache Tomcat/9.0.68]
16-Oct-2022 14:38:32.310 INFO [main] org.apache.jasper.servlet.TldScanner.scanJars 적어도 하나의 JAR가 TLD들을 찾기 위해 스캔되었으나 아무 것도 찾지 못했습니다. 스캔했으나 TLD가 없는 JAR들의 전체 목록을 보시려면, 로그 레벨을 디버그 레벨로 설정하십시오. 스캔 과정에서 불필요한 JAR들을 건너뛰면, 시스템 시작 시간과 JSP 컴파일 시간을 단축시킬 수 있습니다.
16-Oct-2022 14:38:32.410 INFO [main] org.apache.catalina.startup.HostConfig.deployWAR 웹 애플리케이션 아카이브 [C:\desktop\apache-tomcat-9.0.68\webapps\draw_and_guess.war]을(를) 배치합니다.
16-Oct-2022 14:39:54.494 INFO [main] org.apache.catalina.startup.VersionLoggerListener.log 서버 버전 이름:    Apache Tomcat/9.0.68
16-Oct-2022 14:39:54.499 INFO [main] org.apache.catalina.startup.VersionLoggerListener.log Server 빌드 시각:  Oct 3 2022 19:06:10 UTC
16-Oct-2022 14:39:54.499 INFO [main] org.apache.catalina.startup.VersionLoggerListener.log Server 버전 번호:  9.0.68.0
16-Oct-2022 14:39:54.500 INFO [main] org.apache.catalina.startup.VersionLoggerListener.log 운영체제 이름:     Windows 10
16-Oct-2022 14:39:54.500 INFO [main] org.apache.catalina.startup.VersionLoggerListener.log 운영체제 버전:     10.0
16-Oct-2022 14:39:54.501 INFO [main] org.apache.catalina.startup.VersionLoggerListener.log 아키텍처:          amd64
16-Oct-2022 14:39:54.501 INFO [main] org.apache.catalina.startup.VersionLoggerListener.log 자바 홈:           C:\Program Files\Java\jdk-18.0.1.1
16-Oct-2022 14:39:54.501 INFO [main] org.apache.catalina.startup.VersionLoggerListener.log JVM 버전:          18.0.1.1+2-6
16-Oct-2022 14:39:54.501 INFO [main] org.apache.catalina.startup.VersionLoggerListener.log JVM 벤더:          Oracle Corporation
16-Oct-2022 14:39:54.502 INFO [main] org.apache.catalina.startup.VersionLoggerListener.log CATALINA_BASE:     C:\desktop\apache-tomcat-9.0.68
16-Oct-2022 14:39:54.502 INFO [main] org.apache.catalina.startup.VersionLoggerListener.log CATALINA_HOME:     C:\desktop\apache-tomcat-9.0.68
16-Oct-2022 14:39:54.511 INFO [main] org.apache.catalina.startup.VersionLoggerListener.log 명령 행 아규먼트:  --add-opens=java.base/java.lang=ALL-UNNAMED
16-Oct-2022 14:39:54.511 INFO [main] org.apache.catalina.startup.VersionLoggerListener.log 명령 행 아규먼트:  --add-opens=java.base/java.io=ALL-UNNAMED
16-Oct-2022 14:39:54.512 INFO [main] org.apache.catalina.startup.VersionLoggerListener.log 명령 행 아규먼트:  --add-opens=java.base/java.util=ALL-UNNAMED
16-Oct-2022 14:39:54.513 INFO [main] org.apache.catalina.startup.VersionLoggerListener.log 명령 행 아규먼트:  --add-opens=java.base/java.util.concurrent=ALL-UNNAMED
16-Oct-2022 14:39:54.513 INFO [main] org.apache.catalina.startup.VersionLoggerListener.log 명령 행 아규먼트:  --add-opens=java.rmi/sun.rmi.transport=ALL-UNNAMED
16-Oct-2022 14:39:54.514 INFO [main] org.apache.catalina.startup.VersionLoggerListener.log 명령 행 아규먼트:  -Djava.util.logging.config.file=C:\desktop\apache-tomcat-9.0.68\conf\logging.properties
16-Oct-2022 14:39:54.515 INFO [main] org.apache.catalina.startup.VersionLoggerListener.log 명령 행 아규먼트:  -Djava.util.logging.manager=org.apache.juli.ClassLoaderLogManager
16-Oct-2022 14:39:54.515 INFO [main] org.apache.catalina.startup.VersionLoggerListener.log 명령 행 아규먼트:  -Djdk.tls.ephemeralDHKeySize=2048
16-Oct-2022 14:39:54.522 INFO [main] org.apache.catalina.startup.VersionLoggerListener.log 명령 행 아규먼트:  -Djava.protocol.handler.pkgs=org.apache.catalina.webresources
16-Oct-2022 14:39:54.524 INFO [main] org.apache.catalina.startup.VersionLoggerListener.log 명령 행 아규먼트:  -Dignore.endorsed.dirs=
16-Oct-2022 14:39:54.525 INFO [main] org.apache.catalina.startup.VersionLoggerListener.log 명령 행 아규먼트:  -Dcatalina.base=C:\desktop\apache-tomcat-9.0.68
16-Oct-2022 14:39:54.526 INFO [main] org.apache.catalina.startup.VersionLoggerListener.log 명령 행 아규먼트:  -Dcatalina.home=C:\desktop\apache-tomcat-9.0.68
16-Oct-2022 14:39:54.526 INFO [main] org.apache.catalina.startup.VersionLoggerListener.log 명령 행 아규먼트:  -Djava.io.tmpdir=C:\desktop\apache-tomcat-9.0.68\temp
16-Oct-2022 14:39:54.532 INFO [main] org.apache.catalina.core.AprLifecycleListener.lifecycleEvent APR 버전 [1.7.0]을(를) 사용한, APR 기반 Apache Tomcat Native 라이브러리 [1.2.35]을(를) 로드했습니다.
16-Oct-2022 14:39:54.533 INFO [main] org.apache.catalina.core.AprLifecycleListener.lifecycleEvent APR 용량정보들: IPv6 [true], sendfile [true], accept filters [false], random [true], UDS [true].
16-Oct-2022 14:39:54.534 INFO [main] org.apache.catalina.core.AprLifecycleListener.lifecycleEvent APR/OpenSSL 설정: useAprConnector [false], useOpenSSL [true]
16-Oct-2022 14:39:54.540 INFO [main] org.apache.catalina.core.AprLifecycleListener.initializeSSL OpenSSL이 성공적으로 초기화되었습니다: [OpenSSL 1.1.1q  5 Jul 2022]
16-Oct-2022 14:39:54.781 INFO [main] org.apache.coyote.AbstractProtocol.init 프로토콜 핸들러 ["http-nio-8080"]을(를) 초기화합니다.
16-Oct-2022 14:39:54.806 INFO [main] org.apache.catalina.startup.Catalina.load [583] 밀리초 내에 서버가 초기화되었습니다.
16-Oct-2022 14:39:54.857 INFO [main] org.apache.catalina.core.StandardService.startInternal 서비스 [Catalina]을(를) 시작합니다.
16-Oct-2022 14:39:54.857 INFO [main] org.apache.catalina.core.StandardEngine.startInternal 서버 엔진을 시작합니다: [Apache Tomcat/9.0.68]
16-Oct-2022 14:39:55.758 INFO [main] org.apache.jasper.servlet.TldScanner.scanJars 적어도 하나의 JAR가 TLD들을 찾기 위해 스캔되었으나 아무 것도 찾지 못했습니다. 스캔했으나 TLD가 없는 JAR들의 전체 목록을 보시려면, 로그 레벨을 디버그 레벨로 설정하십시오. 스캔 과정에서 불필요한 JAR들을 건너뛰면, 시스템 시작 시간과 JSP 컴파일 시간을 단축시킬 수 있습니다.
16-Oct-2022 14:39:55.865 INFO [main] org.apache.catalina.startup.HostConfig.deployWAR 웹 애플리케이션 아카이브 [C:\desktop\apache-tomcat-9.0.68\webapps\draw_and_guess.war]을(를) 배치합니다.
16-Oct-2022 14:39:56.440 INFO [main] org.apache.jasper.servlet.TldScanner.scanJars 적어도 하나의 JAR가 TLD들을 찾기 위해 스캔되었으나 아무 것도 찾지 못했습니다. 스캔했으나 TLD가 없는 JAR들의 전체 목록을 보시려면, 로그 레벨을 디버그 레벨로 설정하십시오. 스캔 과정에서 불필요한 JAR들을 건너뛰면, 시스템 시작 시간과 JSP 컴파일 시간을 단축시킬 수 있습니다.
16-Oct-2022 14:39:56.451 INFO [main] org.apache.catalina.startup.HostConfig.deployWAR 웹 애플리케이션 아카이브 [C:\desktop\apache-tomcat-9.0.68\webapps\draw_and_guess.war]의 배치가 [585] 밀리초에 완료되었습니다.
16-Oct-2022 14:39:56.452 INFO [main] org.apache.catalina.startup.HostConfig.deployDirectory 웹 애플리케이션 디렉토리 [C:\desktop\apache-tomcat-9.0.68\webapps\docs]을(를) 배치합니다.
16-Oct-2022 14:39:56.489 INFO [main] org.apache.catalina.startup.HostConfig.deployDirectory 웹 애플리케이션 디렉토리 [C:\desktop\apache-tomcat-9.0.68\webapps\docs]에 대한 배치가 [37] 밀리초에 완료되었습니다.
16-Oct-2022 14:39:56.490 INFO [main] org.apache.catalina.startup.HostConfig.deployDirectory 웹 애플리케이션 디렉토리 [C:\desktop\apache-tomcat-9.0.68\webapps\examples]을(를) 배치합니다.
16-Oct-2022 14:39:56.912 INFO [main] org.apache.catalina.startup.HostConfig.deployDirectory 웹 애플리케이션 디렉토리 [C:\desktop\apache-tomcat-9.0.68\webapps\examples]에 대한 배치가 [421] 밀리초에 완료되었습니다.
16-Oct-2022 14:39:56.914 INFO [main] org.apache.catalina.startup.HostConfig.deployDirectory 웹 애플리케이션 디렉토리 [C:\desktop\apache-tomcat-9.0.68\webapps\host-manager]을(를) 배치합니다.
16-Oct-2022 14:39:56.972 INFO [main] org.apache.catalina.startup.HostConfig.deployDirectory 웹 애플리케이션 디렉토리 [C:\desktop\apache-tomcat-9.0.68\webapps\host-manager]에 대한 배치가 [59] 밀리초에 완료되었습니다.
16-Oct-2022 14:39:56.973 INFO [main] org.apache.catalina.startup.HostConfig.deployDirectory 웹 애플리케이션 디렉토리 [C:\desktop\apache-tomcat-9.0.68\webapps\manager]을(를) 배치합니다.
16-Oct-2022 14:39:57.026 INFO [main] org.apache.catalina.startup.HostConfig.deployDirectory 웹 애플리케이션 디렉토리 [C:\desktop\apache-tomcat-9.0.68\webapps\manager]에 대한 배치가 [53] 밀리초에 완료되었습니다.
16-Oct-2022 14:39:57.034 INFO [main] org.apache.coyote.AbstractProtocol.start 프로토콜 핸들러 ["http-nio-8080"]을(를) 시작합니다.
16-Oct-2022 14:39:57.083 INFO [main] org.apache.catalina.startup.Catalina.start 서버가 [2275] 밀리초 내에 시작되었습니다.
